<?xml version="1.0" encoding="UTF-8"?>
<testsuite xmlns:xsi="http://www.w3.org/2001/XMLSchema-instance" xsi:noNamespaceSchemaLocation="https://maven.apache.org/surefire/maven-surefire-plugin/xsd/surefire-test-report.xsd" name="TestSuite" time="41.431" tests="2" errors="0" skipped="0" failures="0">
  <properties>
[...]
</properties>
  <testcase name="register_plus_email_and_phone" classname="sanitytest.UnpplugedDevEmulatore" time="15.262"/>
  <testcase name="subscription_year" classname="sanitytest.UnpplugedDevEmulatore" time="7.419"/>
</testsuite>