<?xml version="1.0" encoding="UTF-8"?>
<!-- Generated by org.testng.reporters.JUnitXMLReporter -->
<testsuite hostname="DESKTOP-VAR54LN" ignored="11" name="Sanity DevEmulator" tests="1" failures="0" timestamp="2022-03-20T13:02:08 IST" time="24.16" errors="0">
  <testcase name="register_plus_email_and_phone" time="15.233" classname="sanitytest.UnpplugedDevEmulatore"/>
  <testcase name="sing_in_manual" time="0.0" classname="sanitytest.UnpplugedDevEmulatore">
    <ignored/>
  </testcase> <!-- sing_in_manual -->
  <testcase name="click_on_messenger_app2" time="0.0" classname="sanitytest.UnpplugedDevEmulatore">
    <ignored/>
  </testcase> <!-- click_on_messenger_app2 -->
  <testcase name="register_and_forgot_my_password" time="0.0" classname="sanitytest.UnpplugedDevEmulatore">
    <ignored/>
  </testcase> <!-- register_and_forgot_my_password -->
  <testcase name="subscription_free" time="0.0" classname="sanitytest.UnpplugedDevEmulatore">
    <ignored/>
  </testcase> <!-- subscription_free -->
  <testcase name="subscription_year" time="0.0" classname="sanitytest.UnpplugedDevEmulatore">
    <ignored/>
  </testcase> <!-- subscription_year -->
  <testcase name="register_without_email_and_phone" time="0.0" classname="sanitytest.UnpplugedDevEmulatore">
    <ignored/>
  </testcase> <!-- register_without_email_and_phone -->
  <testcase name="click_on_messenger_app" time="0.0" classname="sanitytest.UnpplugedDevEmulatore">
    <ignored/>
  </testcase> <!-- click_on_messenger_app -->
  <testcase name="subscription_month" time="0.0" classname="sanitytest.UnpplugedDevEmulatore">
    <ignored/>
  </testcase> <!-- subscription_month -->
  <testcase name="logout" time="0.0" classname="sanitytest.UnpplugedDevEmulatore">
    <ignored/>
  </testcase> <!-- logout -->
  <testcase name="experimental_button" time="0.0" classname="sanitytest.UnpplugedDevEmulatore">
    <ignored/>
  </testcase> <!-- experimental_button -->
  <testcase name="my_Apps_plus_up_Apps_plus_logout" time="0.0" classname="sanitytest.UnpplugedDevEmulatore">
    <ignored/>
  </testcase> <!-- my_Apps_plus_up_Apps_plus_logout -->
</testsuite> <!-- Sanity DevEmulator -->
